RUN	simulation.GetListofUsers	getlistofusers	1709033056605	 	3.6.1
USER	Get_User_List	START	1709033057388
USER	Get_User_List	START	1709033057398
USER	Get_User_List	START	1709033057408
USER	Get_User_List	START	1709033057418
USER	Get_User_List	START	1709033057429
USER	Get_User_List	START	1709033057439
USER	Get_User_List	START	1709033057449
USER	Get_User_List	START	1709033057459
USER	Get_User_List	START	1709033057468
USER	Get_User_List	START	1709033057480
USER	Get_User_List	START	1709033057490
USER	Get_User_List	START	1709033057500
USER	Get_User_List	START	1709033057510
USER	Get_User_List	START	1709033057520
USER	Get_User_List	START	1709033057530
USER	Get_User_List	START	1709033057540
USER	Get_User_List	START	1709033057550
USER	Get_User_List	START	1709033057560
USER	Get_User_List	START	1709033057570
USER	Get_User_List	START	1709033057580
USER	Get_User_List	START	1709033057591
USER	Get_User_List	START	1709033057601
USER	Get_User_List	START	1709033057611
USER	Get_User_List	START	1709033057621
USER	Get_User_List	START	1709033057631
USER	Get_User_List	START	1709033057641
USER	Get_User_List	START	1709033057651
USER	Get_User_List	START	1709033057661
USER	Get_User_List	START	1709033057671
USER	Get_User_List	START	1709033057681
USER	Get_User_List	START	1709033057691
USER	Get_User_List	START	1709033057702
USER	Get_User_List	START	1709033057711
USER	Get_User_List	START	1709033057722
USER	Get_User_List	START	1709033057732
USER	Get_User_List	START	1709033057742
USER	Get_User_List	START	1709033057753
USER	Get_User_List	START	1709033057762
USER	Get_User_List	START	1709033057773
USER	Get_User_List	START	1709033057782
USER	Get_User_List	START	1709033057792
USER	Get_User_List	START	1709033057803
USER	Get_User_List	START	1709033057813
USER	Get_User_List	START	1709033057822
USER	Get_User_List	START	1709033057833
USER	Get_User_List	START	1709033057842
USER	Get_User_List	START	1709033057852
USER	Get_User_List	START	1709033057863
USER	Get_User_List	START	1709033057873
USER	Get_User_List	START	1709033057883
USER	Get_User_List	START	1709033057892
USER	Get_User_List	START	1709033057902
USER	Get_User_List	START	1709033057912
USER	Get_User_List	START	1709033057922
USER	Get_User_List	START	1709033057932
USER	Get_User_List	START	1709033057943
USER	Get_User_List	START	1709033057953
USER	Get_User_List	START	1709033057963
USER	Get_User_List	START	1709033057972
USER	Get_User_List	START	1709033057983
USER	Get_User_List	START	1709033057992
USER	Get_User_List	START	1709033058003
USER	Get_User_List	START	1709033058013
USER	Get_User_List	START	1709033058022
USER	Get_User_List	START	1709033058033
USER	Get_User_List	START	1709033058044
USER	Get_User_List	START	1709033058053
USER	Get_User_List	START	1709033058063
USER	Get_User_List	START	1709033058073
USER	Get_User_List	START	1709033058083
USER	Get_User_List	START	1709033058093
USER	Get_User_List	START	1709033058106
USER	Get_User_List	START	1709033058112
USER	Get_User_List	START	1709033058123
USER	Get_User_List	START	1709033058133
USER	Get_User_List	START	1709033058145
USER	Get_User_List	START	1709033058153
USER	Get_User_List	START	1709033058163
USER	Get_User_List	START	1709033058173
USER	Get_User_List	START	1709033058183
USER	Get_User_List	START	1709033058193
USER	Get_User_List	START	1709033058203
USER	Get_User_List	START	1709033058213
USER	Get_User_List	START	1709033058223
USER	Get_User_List	START	1709033058234
USER	Get_User_List	START	1709033058243
USER	Get_User_List	START	1709033058254
USER	Get_User_List	START	1709033058263
USER	Get_User_List	START	1709033058274
USER	Get_User_List	START	1709033058283
USER	Get_User_List	START	1709033058293
USER	Get_User_List	START	1709033058304
USER	Get_User_List	START	1709033058315
USER	Get_User_List	START	1709033058324
USER	Get_User_List	START	1709033058334
USER	Get_User_List	START	1709033058344
USER	Get_User_List	START	1709033058354
USER	Get_User_List	START	1709033058365
USER	Get_User_List	START	1709033058373
USER	Get_User_List	START	1709033058383
REQUEST		GET_USER_LIST	1709033058417	1709033058682	OK	 
REQUEST		GET_USER_LIST	1709033058420	1709033058688	OK	 
REQUEST		GET_USER_LIST	1709033058511	1709033058836	OK	 
REQUEST		GET_USER_LIST	1709033058470	1709033058837	OK	 
REQUEST		GET_USER_LIST	1709033058521	1709033058839	OK	 
REQUEST		GET_USER_LIST	1709033058461	1709033058841	OK	 
REQUEST		GET_USER_LIST	1709033058491	1709033058842	OK	 
REQUEST		GET_USER_LIST	1709033058430	1709033058835	OK	 
REQUEST		GET_USER_LIST	1709033058482	1709033058843	OK	 
REQUEST		GET_USER_LIST	1709033058622	1709033058989	OK	 
REQUEST		GET_USER_LIST	1709033058532	1709033058989	OK	 
REQUEST		GET_USER_LIST	1709033058541	1709033058998	OK	 
REQUEST		GET_USER_LIST	1709033058612	1709033058999	OK	 
REQUEST		GET_USER_LIST	1709033058573	1709033059001	OK	 
REQUEST		GET_USER_LIST	1709033058552	1709033059002	OK	 
REQUEST		GET_USER_LIST	1709033058562	1709033058996	OK	 
REQUEST		GET_USER_LIST	1709033058663	1709033059001	OK	 
REQUEST		GET_USER_LIST	1709033058793	1709033059058	OK	 
REQUEST		GET_USER_LIST	1709033058686	1709033059058	OK	 
REQUEST		GET_USER_LIST	1709033058744	1709033059057	OK	 
REQUEST		GET_USER_LIST	1709033058784	1709033059061	OK	 
REQUEST		GET_USER_LIST	1709033058713	1709033059092	OK	 
REQUEST		GET_USER_LIST	1709033058764	1709033059093	OK	 
REQUEST		GET_USER_LIST	1709033058693	1709033059103	OK	 
REQUEST		GET_USER_LIST	1709033058632	1709033059105	OK	 
REQUEST		GET_USER_LIST	1709033058653	1709033059106	OK	 
REQUEST		GET_USER_LIST	1709033058733	1709033059107	OK	 
REQUEST		GET_USER_LIST	1709033058944	1709033059116	OK	 
REQUEST		GET_USER_LIST	1709033058903	1709033059117	OK	 
REQUEST		GET_USER_LIST	1709033058832	1709033059117	OK	 
REQUEST		GET_USER_LIST	1709033058885	1709033059120	OK	 
REQUEST		GET_USER_LIST	1709033058837	1709033059123	OK	 
REQUEST		GET_USER_LIST	1709033058955	1709033059124	OK	 
REQUEST		GET_USER_LIST	1709033058963	1709033059124	OK	 
REQUEST		GET_USER_LIST	1709033058865	1709033059125	OK	 
REQUEST		GET_USER_LIST	1709033058839	1709033059131	OK	 
REQUEST		GET_USER_LIST	1709033058924	1709033059144	OK	 
REQUEST		GET_USER_LIST	1709033058985	1709033059157	OK	 
REQUEST		GET_USER_LIST	1709033059004	1709033059172	OK	 
REQUEST		GET_USER_LIST	1709033058854	1709033059185	OK	 
REQUEST		GET_USER_LIST	1709033058844	1709033059186	OK	 
REQUEST		GET_USER_LIST	1709033058894	1709033059185	OK	 
REQUEST		GET_USER_LIST	1709033058974	1709033059187	OK	 
REQUEST		GET_USER_LIST	1709033059065	1709033059192	OK	 
REQUEST		GET_USER_LIST	1709033059101	1709033059503	OK	 
REQUEST		GET_USER_LIST	1709033059075	1709033059503	OK	 
REQUEST		GET_USER_LIST	1709033059084	1709033059503	OK	 
REQUEST		GET_USER_LIST	1709033059024	1709033059550	OK	 
REQUEST		GET_USER_LIST	1709033058993	1709033059550	OK	 
REQUEST		GET_USER_LIST	1709033059034	1709033059563	OK	 
REQUEST		GET_USER_LIST	1709033059046	1709033059664	OK	 
REQUEST		GET_USER_LIST	1709033059135	1709033059670	OK	 
REQUEST		GET_USER_LIST	1709033059147	1709033059671	OK	 
REQUEST		GET_USER_LIST	1709033059055	1709033059672	OK	 
REQUEST		GET_USER_LIST	1709033059107	1709033059702	OK	 
REQUEST		GET_USER_LIST	1709033059125	1709033059702	OK	 
REQUEST		GET_USER_LIST	1709033059205	1709033059754	OK	 
REQUEST		GET_USER_LIST	1709033059194	1709033059755	OK	 
REQUEST		GET_USER_LIST	1709033059164	1709033059754	OK	 
REQUEST		GET_USER_LIST	1709033059175	1709033059763	OK	 
REQUEST		GET_USER_LIST	1709033058440	1709033059791	OK	 
REQUEST		GET_USER_LIST	1709033059224	1709033059795	OK	 
REQUEST		GET_USER_LIST	1709033058417	1709033059796	OK	 
REQUEST		GET_USER_LIST	1709033059284	1709033059809	OK	 
REQUEST		GET_USER_LIST	1709033058417	1709033059809	OK	 
REQUEST		GET_USER_LIST	1709033059335	1709033059809	OK	 
REQUEST		GET_USER_LIST	1709033058451	1709033059811	OK	 
REQUEST		GET_USER_LIST	1709033058501	1709033059812	OK	 
REQUEST		GET_USER_LIST	1709033059305	1709033059817	OK	 
REQUEST		GET_USER_LIST	1709033059236	1709033059856	OK	 
REQUEST		GET_USER_LIST	1709033059295	1709033059856	OK	 
REQUEST		GET_USER_LIST	1709033059375	1709033059857	OK	 
REQUEST		GET_USER_LIST	1709033058592	1709033059857	OK	 
REQUEST		GET_USER_LIST	1709033059265	1709033059866	OK	 
REQUEST		GET_USER_LIST	1709033058642	1709033059908	OK	 
REQUEST		GET_USER_LIST	1709033059317	1709033059908	OK	 
REQUEST		GET_USER_LIST	1709033058723	1709033059908	OK	 
REQUEST		GET_USER_LIST	1709033058673	1709033059909	OK	 
REQUEST		GET_USER_LIST	1709033058754	1709033059958	OK	 
REQUEST		GET_USER_LIST	1709033058805	1709033060013	OK	 
REQUEST		GET_USER_LIST	1709033058775	1709033060014	OK	 
REQUEST		GET_USER_LIST	1709033058914	1709033060063	OK	 
REQUEST		GET_USER_LIST	1709033058875	1709033060064	OK	 
REQUEST		GET_USER_LIST	1709033058933	1709033060104	OK	 
REQUEST		GET_USER_LIST	1709033059013	1709033060154	OK	 
REQUEST		GET_USER_LIST	1709033059114	1709033060222	OK	 
REQUEST		GET_USER_LIST	1709033059155	1709033060247	OK	 
REQUEST		GET_USER_LIST	1709033059214	1709033060328	OK	 
REQUEST		GET_USER_LIST	1709033059244	1709033060347	OK	 
REQUEST		GET_USER_LIST	1709033059257	1709033060368	OK	 
REQUEST		GET_USER_LIST	1709033059185	1709033060380	OK	 
REQUEST		GET_USER_LIST	1709033059275	1709033060455	OK	 
REQUEST		GET_USER_LIST	1709033059345	1709033060468	OK	 
REQUEST		GET_USER_LIST	1709033059367	1709033060469	OK	 
REQUEST		GET_USER_LIST	1709033059355	1709033060504	OK	 
REQUEST		GET_USER_LIST	1709033059385	1709033060509	OK	 
REQUEST		GET_USER_LIST	1709033059325	1709033060527	OK	 
REQUEST		GET_USER_LIST	1709033058603	1709033060716	OK	 
USER	Get_User_List	END	1709033060724
USER	Get_User_List	END	1709033060724
USER	Get_User_List	START	1709033060724
USER	Get_User_List	START	1709033060724
REQUEST		GET_USER_LIST	1709033058582	1709033060743	OK	 
USER	Get_User_List	END	1709033060840
USER	Get_User_List	START	1709033060840
USER	Get_User_List	END	1709033060841
USER	Get_User_List	START	1709033060841
USER	Get_User_List	END	1709033060843
USER	Get_User_List	START	1709033060844
USER	Get_User_List	END	1709033060844
USER	Get_User_List	START	1709033060844
USER	Get_User_List	END	1709033060846
USER	Get_User_List	END	1709033060846
USER	Get_User_List	END	1709033060846
USER	Get_User_List	START	1709033060847
USER	Get_User_List	START	1709033060847
USER	Get_User_List	START	1709033060847
REQUEST		GET_USER_LIST	1709033058704	1709033060858	OK	 
USER	Get_User_List	END	1709033060993
USER	Get_User_List	END	1709033060993
USER	Get_User_List	START	1709033060993
USER	Get_User_List	START	1709033060993
USER	Get_User_List	END	1709033061002
USER	Get_User_List	START	1709033061002
USER	Get_User_List	END	1709033061003
USER	Get_User_List	START	1709033061003
USER	Get_User_List	END	1709033061005
USER	Get_User_List	START	1709033061005
USER	Get_User_List	END	1709033061005
USER	Get_User_List	START	1709033061006
USER	Get_User_List	END	1709033061006
USER	Get_User_List	END	1709033061006
USER	Get_User_List	START	1709033061006
USER	Get_User_List	START	1709033061006
USER	Get_User_List	END	1709033061062
USER	Get_User_List	END	1709033061062
USER	Get_User_List	START	1709033061062
USER	Get_User_List	START	1709033061062
USER	Get_User_List	END	1709033061062
USER	Get_User_List	START	1709033061062
USER	Get_User_List	END	1709033061064
USER	Get_User_List	START	1709033061064
USER	Get_User_List	END	1709033061096
USER	Get_User_List	START	1709033061096
USER	Get_User_List	END	1709033061105
USER	Get_User_List	START	1709033061106
USER	Get_User_List	END	1709033061107
USER	Get_User_List	START	1709033061108
USER	Get_User_List	END	1709033061108
USER	Get_User_List	START	1709033061109
USER	Get_User_List	END	1709033061110
USER	Get_User_List	START	1709033061111
USER	Get_User_List	END	1709033061112
USER	Get_User_List	START	1709033061112
USER	Get_User_List	END	1709033061120
USER	Get_User_List	START	1709033061120
USER	Get_User_List	END	1709033061121
USER	Get_User_List	END	1709033061121
USER	Get_User_List	START	1709033061121
USER	Get_User_List	START	1709033061121
USER	Get_User_List	END	1709033061122
USER	Get_User_List	START	1709033061122
USER	Get_User_List	END	1709033061126
USER	Get_User_List	START	1709033061126
USER	Get_User_List	END	1709033061127
USER	Get_User_List	START	1709033061127
USER	Get_User_List	END	1709033061128
USER	Get_User_List	START	1709033061128
USER	Get_User_List	END	1709033061128
USER	Get_User_List	START	1709033061128
USER	Get_User_List	END	1709033061134
USER	Get_User_List	START	1709033061135
USER	Get_User_List	END	1709033061149
USER	Get_User_List	START	1709033061149
USER	Get_User_List	END	1709033061161
USER	Get_User_List	START	1709033061161
USER	Get_User_List	END	1709033061175
USER	Get_User_List	START	1709033061175
USER	Get_User_List	END	1709033061189
USER	Get_User_List	START	1709033061190
USER	Get_User_List	END	1709033061190
USER	Get_User_List	END	1709033061190
USER	Get_User_List	END	1709033061190
USER	Get_User_List	START	1709033061191
USER	Get_User_List	START	1709033061191
USER	Get_User_List	START	1709033061191
USER	Get_User_List	END	1709033061197
USER	Get_User_List	START	1709033061197
USER	Get_User_List	END	1709033061508
USER	Get_User_List	END	1709033061508
USER	Get_User_List	END	1709033061508
USER	Get_User_List	START	1709033061508
USER	Get_User_List	START	1709033061508
USER	Get_User_List	START	1709033061508
USER	Get_User_List	END	1709033061554
USER	Get_User_List	START	1709033061555
USER	Get_User_List	END	1709033061555
USER	Get_User_List	START	1709033061555
USER	Get_User_List	END	1709033061567
USER	Get_User_List	START	1709033061567
USER	Get_User_List	END	1709033061670
USER	Get_User_List	START	1709033061670
USER	Get_User_List	END	1709033061674
USER	Get_User_List	END	1709033061674
USER	Get_User_List	START	1709033061674
USER	Get_User_List	START	1709033061674
USER	Get_User_List	END	1709033061676
USER	Get_User_List	START	1709033061676
USER	Get_User_List	END	1709033061708
USER	Get_User_List	END	1709033061708
USER	Get_User_List	START	1709033061708
USER	Get_User_List	START	1709033061708
USER	Get_User_List	END	1709033061758
USER	Get_User_List	END	1709033061758
USER	Get_User_List	END	1709033061758
USER	Get_User_List	START	1709033061758
USER	Get_User_List	START	1709033061758
USER	Get_User_List	START	1709033061759
USER	Get_User_List	END	1709033061767
USER	Get_User_List	START	1709033061767
USER	Get_User_List	END	1709033061795
USER	Get_User_List	START	1709033061795
USER	Get_User_List	END	1709033061799
USER	Get_User_List	END	1709033061799
USER	Get_User_List	START	1709033061799
USER	Get_User_List	START	1709033061799
USER	Get_User_List	END	1709033061813
USER	Get_User_List	END	1709033061813
USER	Get_User_List	END	1709033061814
USER	Get_User_List	START	1709033061814
USER	Get_User_List	START	1709033061814
USER	Get_User_List	START	1709033061814
USER	Get_User_List	END	1709033061815
USER	Get_User_List	START	1709033061815
USER	Get_User_List	END	1709033061815
USER	Get_User_List	START	1709033061816
USER	Get_User_List	END	1709033061819
USER	Get_User_List	START	1709033061819
REQUEST		GET_USER_LIST	1709033061725	1709033061831	OK	 
USER	Get_User_List	END	1709033061861
USER	Get_User_List	END	1709033061861
USER	Get_User_List	END	1709033061861
USER	Get_User_List	END	1709033061861
USER	Get_User_List	START	1709033061861
USER	Get_User_List	START	1709033061861
USER	Get_User_List	START	1709033061861
USER	Get_User_List	START	1709033061861
USER	Get_User_List	END	1709033061869
USER	Get_User_List	START	1709033061870
USER	Get_User_List	END	1709033061911
USER	Get_User_List	END	1709033061911
USER	Get_User_List	END	1709033061911
USER	Get_User_List	START	1709033061911
USER	Get_User_List	START	1709033061911
USER	Get_User_List	START	1709033061911
USER	Get_User_List	END	1709033061911
USER	Get_User_List	START	1709033061911
REQUEST		GET_USER_LIST	1709033061846	1709033061953	OK	 
REQUEST		GET_USER_LIST	1709033061842	1709033061953	OK	 
REQUEST		GET_USER_LIST	1709033061845	1709033061953	OK	 
USER	Get_User_List	END	1709033061962
USER	Get_User_List	START	1709033061962
REQUEST		GET_USER_LIST	1709033061848	1709033061965	OK	 
REQUEST		GET_USER_LIST	1709033061848	1709033062014	OK	 
REQUEST		GET_USER_LIST	1709033061843	1709033062014	OK	 
USER	Get_User_List	END	1709033062017
USER	Get_User_List	START	1709033062017
USER	Get_User_List	END	1709033062018
USER	Get_User_List	START	1709033062018
USER	Get_User_List	END	1709033062068
USER	Get_User_List	END	1709033062068
USER	Get_User_List	START	1709033062068
USER	Get_User_List	START	1709033062068
USER	Get_User_List	END	1709033062107
USER	Get_User_List	START	1709033062107
REQUEST		GET_USER_LIST	1709033062005	1709033062110	OK	 
REQUEST		GET_USER_LIST	1709033061995	1709033062110	OK	 
REQUEST		GET_USER_LIST	1709033062008	1709033062125	OK	 
USER	Get_User_List	END	1709033062156
USER	Get_User_List	START	1709033062156
REQUEST		GET_USER_LIST	1709033062063	1709033062170	OK	 
REQUEST		GET_USER_LIST	1709033062063	1709033062175	OK	 
REQUEST		GET_USER_LIST	1709033062007	1709033062178	OK	 
REQUEST		GET_USER_LIST	1709033062100	1709033062203	OK	 
REQUEST		GET_USER_LIST	1709033062107	1709033062204	OK	 
REQUEST		GET_USER_LIST	1709033062113	1709033062212	OK	 
REQUEST		GET_USER_LIST	1709033062122	1709033062217	OK	 
REQUEST		GET_USER_LIST	1709033062066	1709033062224	OK	 
USER	Get_User_List	END	1709033062225
USER	Get_User_List	START	1709033062226
REQUEST		GET_USER_LIST	1709033062130	1709033062229	OK	 
REQUEST		GET_USER_LIST	1709033062127	1709033062234	OK	 
REQUEST		GET_USER_LIST	1709033062150	1709033062248	OK	 
REQUEST		GET_USER_LIST	1709033062137	1709033062248	OK	 
USER	Get_User_List	END	1709033062250
USER	Get_User_List	START	1709033062250
REQUEST		GET_USER_LIST	1709033062109	1709033062270	OK	 
REQUEST		GET_USER_LIST	1709033062112	1709033062276	OK	 
REQUEST		GET_USER_LIST	1709033062124	1709033062289	OK	 
REQUEST		GET_USER_LIST	1709033062192	1709033062291	OK	 
REQUEST		GET_USER_LIST	1709033062198	1709033062295	OK	 
REQUEST		GET_USER_LIST	1709033062131	1709033062298	OK	 
REQUEST		GET_USER_LIST	1709033062192	1709033062302	OK	 
REQUEST		GET_USER_LIST	1709033062162	1709033062322	OK	 
USER	Get_User_List	END	1709033062332
USER	Get_User_List	START	1709033062333
REQUEST		GET_USER_LIST	1709033062177	1709033062341	OK	 
USER	Get_User_List	END	1709033062351
USER	Get_User_List	START	1709033062351
REQUEST		GET_USER_LIST	1709033062192	1709033062354	OK	 
USER	Get_User_List	END	1709033062372
USER	Get_User_List	START	1709033062373
USER	Get_User_List	END	1709033062383
USER	Get_User_List	START	1709033062383
USER	Get_User_List	END	1709033062459
USER	Get_User_List	START	1709033062459
USER	Get_User_List	END	1709033062471
USER	Get_User_List	START	1709033062471
USER	Get_User_List	END	1709033062471
USER	Get_User_List	START	1709033062472
USER	Get_User_List	END	1709033062507
USER	Get_User_List	START	1709033062507
USER	Get_User_List	END	1709033062512
USER	Get_User_List	START	1709033062512
USER	Get_User_List	END	1709033062530
USER	Get_User_List	START	1709033062530
REQUEST		GET_USER_LIST	1709033062510	1709033062633	OK	 
REQUEST		GET_USER_LIST	1709033062557	1709033062653	OK	 
REQUEST		GET_USER_LIST	1709033062569	1709033062672	OK	 
USER	Get_User_List	END	1709033062720
USER	Get_User_List	START	1709033062720
REQUEST		GET_USER_LIST	1709033062555	1709033062723	OK	 
USER	Get_User_List	END	1709033062747
USER	Get_User_List	START	1709033062747
REQUEST		GET_USER_LIST	1709033062672	1709033062770	OK	 
REQUEST		GET_USER_LIST	1709033062677	1709033062783	OK	 
REQUEST		GET_USER_LIST	1709033062676	1709033062801	OK	 
REQUEST		GET_USER_LIST	1709033061725	1709033062859	OK	 
REQUEST		GET_USER_LIST	1709033062676	1709033062859	OK	 
USER	Get_User_List	END	1709033062862
USER	Get_User_List	START	1709033062862
REQUEST		GET_USER_LIST	1709033062709	1709033062874	OK	 
REQUEST		GET_USER_LIST	1709033062759	1709033062875	OK	 
REQUEST		GET_USER_LIST	1709033062769	1709033062953	OK	 
REQUEST		GET_USER_LIST	1709033062800	1709033062956	OK	 
REQUEST		GET_USER_LIST	1709033062797	1709033062956	OK	 
REQUEST		GET_USER_LIST	1709033062709	1709033062980	OK	 
REQUEST		GET_USER_LIST	1709033062759	1709033062981	OK	 
REQUEST		GET_USER_LIST	1709033062760	1709033062981	OK	 
REQUEST		GET_USER_LIST	1709033062816	1709033062995	OK	 
REQUEST		GET_USER_LIST	1709033062821	1709033062995	OK	 
REQUEST		GET_USER_LIST	1709033062816	1709033063013	OK	 
REQUEST		GET_USER_LIST	1709033062913	1709033063021	OK	 
REQUEST		GET_USER_LIST	1709033062862	1709033063026	OK	 
REQUEST		GET_USER_LIST	1709033062816	1709033063041	OK	 
REQUEST		GET_USER_LIST	1709033062873	1709033063043	OK	 
REQUEST		GET_USER_LIST	1709033061848	1709033063080	OK	 
REQUEST		GET_USER_LIST	1709033062964	1709033063143	OK	 
REQUEST		GET_USER_LIST	1709033062007	1709033063177	OK	 
REQUEST		GET_USER_LIST	1709033062007	1709033063181	OK	 
REQUEST		GET_USER_LIST	1709033061995	1709033063182	OK	 
REQUEST		GET_USER_LIST	1709033062005	1709033063186	OK	 
REQUEST		GET_USER_LIST	1709033062064	1709033063187	OK	 
REQUEST		GET_USER_LIST	1709033063019	1709033063195	OK	 
REQUEST		GET_USER_LIST	1709033063019	1709033063206	OK	 
REQUEST		GET_USER_LIST	1709033062128	1709033063255	OK	 
REQUEST		GET_USER_LIST	1709033063070	1709033063255	OK	 
REQUEST		GET_USER_LIST	1709033062123	1709033063255	OK	 
REQUEST		GET_USER_LIST	1709033063158	1709033063334	OK	 
REQUEST		GET_USER_LIST	1709033062122	1709033063335	OK	 
REQUEST		GET_USER_LIST	1709033062110	1709033063335	OK	 
REQUEST		GET_USER_LIST	1709033062193	1709033063372	OK	 
REQUEST		GET_USER_LIST	1709033063252	1709033063399	OK	 
REQUEST		GET_USER_LIST	1709033063334	1709033063429	OK	 
REQUEST		GET_USER_LIST	1709033063228	1709033063455	OK	 
REQUEST		GET_USER_LIST	1709033063353	1709033063455	OK	 
REQUEST		GET_USER_LIST	1709033063385	1709033063486	OK	 
REQUEST		GET_USER_LIST	1709033063374	1709033063544	OK	 
REQUEST		GET_USER_LIST	1709033063513	1709033063651	OK	 
REQUEST		GET_USER_LIST	1709033063473	1709033063651	OK	 
REQUEST		GET_USER_LIST	1709033062510	1709033063656	OK	 
REQUEST		GET_USER_LIST	1709033063461	1709033063664	OK	 
REQUEST		GET_USER_LIST	1709033063531	1709033063669	OK	 
REQUEST		GET_USER_LIST	1709033063721	1709033063835	OK	 
USER	Get_User_List	END	1709033063835
USER	Get_User_List	START	1709033063835
REQUEST		GET_USER_LIST	1709033063749	1709033063855	OK	 
REQUEST		GET_USER_LIST	1709033062800	1709033063914	OK	 
REQUEST		GET_USER_LIST	1709033062816	1709033063945	OK	 
USER	Get_User_List	END	1709033063957
USER	Get_User_List	END	1709033063957
USER	Get_User_List	END	1709033063957
USER	Get_User_List	START	1709033063957
USER	Get_User_List	START	1709033063957
USER	Get_User_List	START	1709033063957
USER	Get_User_List	END	1709033063968
USER	Get_User_List	START	1709033063968
REQUEST		GET_USER_LIST	1709033062818	1709033063980	OK	 
REQUEST		GET_USER_LIST	1709033062863	1709033063986	OK	 
REQUEST		GET_USER_LIST	1709033063863	1709033063988	OK	 
USER	Get_User_List	END	1709033064016
USER	Get_User_List	START	1709033064017
REQUEST		GET_USER_LIST	1709033062912	1709033064017	OK	 
USER	Get_User_List	END	1709033064018
USER	Get_User_List	START	1709033064018
USER	Get_User_List	END	1709033064113
USER	Get_User_List	END	1709033064113
USER	Get_User_List	START	1709033064113
USER	Get_User_List	START	1709033064113
USER	Get_User_List	END	1709033064128
USER	Get_User_List	START	1709033064128
USER	Get_User_List	END	1709033064174
USER	Get_User_List	START	1709033064174
REQUEST		GET_USER_LIST	1709033063070	1709033064175	OK	 
USER	Get_User_List	END	1709033064178
USER	Get_User_List	START	1709033064178
USER	Get_User_List	END	1709033064181
USER	Get_User_List	START	1709033064181
USER	Get_User_List	END	1709033064206
USER	Get_User_List	START	1709033064207
USER	Get_User_List	END	1709033064208
USER	Get_User_List	START	1709033064208
USER	Get_User_List	END	1709033064216
USER	Get_User_List	START	1709033064216
USER	Get_User_List	END	1709033064219
USER	Get_User_List	START	1709033064220
USER	Get_User_List	END	1709033064228
USER	Get_User_List	START	1709033064228
REQUEST		GET_USER_LIST	1709033063108	1709033064233	OK	 
USER	Get_User_List	END	1709033064233
USER	Get_User_List	START	1709033064233
USER	Get_User_List	END	1709033064237
USER	Get_User_List	START	1709033064237
USER	Get_User_List	END	1709033064251
USER	Get_User_List	END	1709033064251
USER	Get_User_List	START	1709033064251
USER	Get_User_List	START	1709033064251
USER	Get_User_List	END	1709033064274
USER	Get_User_List	START	1709033064274
USER	Get_User_List	END	1709033064279
USER	Get_User_List	START	1709033064279
USER	Get_User_List	END	1709033064294
USER	Get_User_List	START	1709033064294
USER	Get_User_List	END	1709033064294
USER	Get_User_List	START	1709033064295
USER	Get_User_List	END	1709033064299
USER	Get_User_List	START	1709033064299
USER	Get_User_List	END	1709033064302
USER	Get_User_List	START	1709033064302
USER	Get_User_List	END	1709033064306
USER	Get_User_List	START	1709033064306
USER	Get_User_List	END	1709033064326
USER	Get_User_List	START	1709033064327
USER	Get_User_List	END	1709033064343
USER	Get_User_List	START	1709033064344
USER	Get_User_List	END	1709033064357
USER	Get_User_List	START	1709033064358
REQUEST		GET_USER_LIST	1709033063473	1709033064595	OK	 
REQUEST		GET_USER_LIST	1709033063509	1709033064624	OK	 
USER	Get_User_List	END	1709033064636
USER	Get_User_List	START	1709033064636
USER	Get_User_List	END	1709033064658
USER	Get_User_List	START	1709033064658
USER	Get_User_List	END	1709033064675
USER	Get_User_List	START	1709033064675
USER	Get_User_List	END	1709033064727
USER	Get_User_List	START	1709033064727
USER	Get_User_List	END	1709033064774
USER	Get_User_List	START	1709033064775
USER	Get_User_List	END	1709033064785
USER	Get_User_List	START	1709033064785
USER	Get_User_List	END	1709033064804
USER	Get_User_List	START	1709033064804
USER	Get_User_List	END	1709033064863
USER	Get_User_List	START	1709033064863
USER	Get_User_List	END	1709033064863
USER	Get_User_List	START	1709033064863
USER	Get_User_List	END	1709033064878
USER	Get_User_List	START	1709033064878
USER	Get_User_List	END	1709033064879
USER	Get_User_List	START	1709033064879
USER	Get_User_List	END	1709033064957
USER	Get_User_List	START	1709033064957
USER	Get_User_List	END	1709033064960
USER	Get_User_List	END	1709033064960
USER	Get_User_List	START	1709033064960
USER	Get_User_List	START	1709033064960
USER	Get_User_List	END	1709033064983
USER	Get_User_List	START	1709033064983
USER	Get_User_List	END	1709033064984
USER	Get_User_List	END	1709033064984
USER	Get_User_List	START	1709033064984
USER	Get_User_List	START	1709033064984
USER	Get_User_List	END	1709033064998
USER	Get_User_List	START	1709033064998
USER	Get_User_List	END	1709033064999
USER	Get_User_List	START	1709033064999
USER	Get_User_List	END	1709033065016
USER	Get_User_List	START	1709033065016
USER	Get_User_List	END	1709033065024
USER	Get_User_List	START	1709033065024
USER	Get_User_List	END	1709033065030
USER	Get_User_List	START	1709033065031
USER	Get_User_List	END	1709033065044
USER	Get_User_List	START	1709033065045
USER	Get_User_List	END	1709033065046
USER	Get_User_List	START	1709033065046
USER	Get_User_List	END	1709033065083
USER	Get_User_List	START	1709033065083
USER	Get_User_List	END	1709033065147
USER	Get_User_List	START	1709033065147
USER	Get_User_List	END	1709033065181
USER	Get_User_List	START	1709033065181
USER	Get_User_List	END	1709033065182
USER	Get_User_List	START	1709033065183
USER	Get_User_List	END	1709033065186
USER	Get_User_List	START	1709033065186
USER	Get_User_List	END	1709033065189
USER	Get_User_List	START	1709033065189
USER	Get_User_List	END	1709033065190
USER	Get_User_List	START	1709033065190
USER	Get_User_List	END	1709033065197
USER	Get_User_List	START	1709033065198
USER	Get_User_List	END	1709033065209
USER	Get_User_List	START	1709033065209
REQUEST		GET_USER_LIST	1709033064837	1709033065229	OK	 
REQUEST		GET_USER_LIST	1709033062862	1709033065229	OK	 
USER	Get_User_List	END	1709033065259
USER	Get_User_List	START	1709033065259
USER	Get_User_List	END	1709033065259
USER	Get_User_List	START	1709033065259
USER	Get_User_List	END	1709033065259
USER	Get_User_List	START	1709033065259
REQUEST		GET_USER_LIST	1709033062913	1709033065271	OK	 
REQUEST		GET_USER_LIST	1709033065182	1709033065303	OK	 
REQUEST		GET_USER_LIST	1709033065130	1709033065306	OK	 
REQUEST		GET_USER_LIST	1709033064958	1709033065308	OK	 
REQUEST		GET_USER_LIST	1709033065210	1709033065308	OK	 
REQUEST		GET_USER_LIST	1709033064970	1709033065317	OK	 
REQUEST		GET_USER_LIST	1709033065115	1709033065317	OK	 
REQUEST		GET_USER_LIST	1709033065018	1709033065320	OK	 
REQUEST		GET_USER_LIST	1709033065208	1709033065322	OK	 
REQUEST		GET_USER_LIST	1709033065218	1709033065325	OK	 
REQUEST		GET_USER_LIST	1709033065221	1709033065326	OK	 
REQUEST		GET_USER_LIST	1709033065234	1709033065332	OK	 
USER	Get_User_List	END	1709033065337
USER	Get_User_List	START	1709033065337
USER	Get_User_List	END	1709033065337
USER	Get_User_List	START	1709033065337
USER	Get_User_List	END	1709033065338
USER	Get_User_List	START	1709033065338
REQUEST		GET_USER_LIST	1709033065238	1709033065337	OK	 
REQUEST		GET_USER_LIST	1709033064958	1709033065343	OK	 
REQUEST		GET_USER_LIST	1709033065019	1709033065346	OK	 
REQUEST		GET_USER_LIST	1709033065176	1709033065346	OK	 
REQUEST		GET_USER_LIST	1709033065253	1709033065358	OK	 
REQUEST		GET_USER_LIST	1709033065275	1709033065368	OK	 
REQUEST		GET_USER_LIST	1709033064958	1709033065375	OK	 
USER	Get_User_List	END	1709033065375
USER	Get_User_List	START	1709033065376
REQUEST		GET_USER_LIST	1709033065296	1709033065387	OK	 
REQUEST		GET_USER_LIST	1709033065281	1709033065389	OK	 
REQUEST		GET_USER_LIST	1709033065300	1709033065389	OK	 
USER	Get_User_List	END	1709033065403
USER	Get_User_List	START	1709033065403
USER	Get_User_List	END	1709033065432
USER	Get_User_List	START	1709033065432
REQUEST		GET_USER_LIST	1709033065328	1709033065442	OK	 
REQUEST		GET_USER_LIST	1709033065345	1709033065455	OK	 
USER	Get_User_List	END	1709033065457
USER	Get_User_List	START	1709033065457
REQUEST		GET_USER_LIST	1709033065297	1709033065459	OK	 
USER	Get_User_List	END	1709033065459
USER	Get_User_List	START	1709033065459
REQUEST		GET_USER_LIST	1709033065303	1709033065465	OK	 
REQUEST		GET_USER_LIST	1709033065359	1709033065471	OK	 
USER	Get_User_List	END	1709033065489
USER	Get_User_List	START	1709033065489
USER	Get_User_List	END	1709033065546
USER	Get_User_List	START	1709033065547
REQUEST		GET_USER_LIST	1709033062510	1709033065650	OK	 
USER	Get_User_List	END	1709033065654
USER	Get_User_List	END	1709033065654
USER	Get_User_List	START	1709033065654
USER	Get_User_List	START	1709033065654
USER	Get_User_List	END	1709033065658
USER	Get_User_List	START	1709033065658
USER	Get_User_List	END	1709033065667
USER	Get_User_List	START	1709033065667
USER	Get_User_List	END	1709033065674
USER	Get_User_List	START	1709033065674
REQUEST		GET_USER_LIST	1709033065660	1709033065779	OK	 
REQUEST		GET_USER_LIST	1709033065638	1709033065780	OK	 
USER	Get_User_List	END	1709033065839
USER	Get_User_List	START	1709033065839
USER	Get_User_List	END	1709033065858
USER	Get_User_List	START	1709033065858
REQUEST		GET_USER_LIST	1709033065676	1709033065863	OK	 
REQUEST		GET_USER_LIST	1709033065729	1709033065884	OK	 
REQUEST		GET_USER_LIST	1709033065776	1709033065891	OK	 
USER	Get_User_List	END	1709033065918
USER	Get_User_List	START	1709033065918
REQUEST		GET_USER_LIST	1709033065806	1709033065924	OK	 
USER	Get_User_List	END	1709033065948
USER	Get_User_List	START	1709033065949
USER	Get_User_List	END	1709033065985
USER	Get_User_List	START	1709033065985
REQUEST		GET_USER_LIST	1709033065865	1709033065987	OK	 
USER	Get_User_List	END	1709033065988
USER	Get_User_List	START	1709033065988
REQUEST		GET_USER_LIST	1709033065787	1709033065990	OK	 
USER	Get_User_List	END	1709033065991
USER	Get_User_List	START	1709033065991
REQUEST		GET_USER_LIST	1709033065864	1709033065992	OK	 
REQUEST		GET_USER_LIST	1709033065879	1709033066000	OK	 
USER	Get_User_List	END	1709033066020
USER	Get_User_List	START	1709033066020
REQUEST		GET_USER_LIST	1709033062912	1709033066030	OK	 
REQUEST		GET_USER_LIST	1709033065880	1709033066062	OK	 
REQUEST		GET_USER_LIST	1709033065962	1709033066074	OK	 
REQUEST		GET_USER_LIST	1709033065985	1709033066079	OK	 
REQUEST		GET_USER_LIST	1709033066001	1709033066102	OK	 
REQUEST		GET_USER_LIST	1709033065960	1709033066119	OK	 
REQUEST		GET_USER_LIST	1709033065984	1709033066121	OK	 
REQUEST		GET_USER_LIST	1709033066032	1709033066151	OK	 
REQUEST		GET_USER_LIST	1709033066017	1709033066154	OK	 
REQUEST		GET_USER_LIST	1709033065999	1709033066159	OK	 
USER	Get_User_List	END	1709033066178
USER	Get_User_List	START	1709033066178
REQUEST		GET_USER_LIST	1709033065115	1709033066210	OK	 
REQUEST		GET_USER_LIST	1709033066048	1709033066219	OK	 
USER	Get_User_List	END	1709033066237
USER	Get_User_List	START	1709033066238
REQUEST		GET_USER_LIST	1709033066046	1709033066238	OK	 
REQUEST		GET_USER_LIST	1709033066085	1709033066245	OK	 
REQUEST		GET_USER_LIST	1709033066190	1709033066309	OK	 
REQUEST		GET_USER_LIST	1709033065180	1709033066319	OK	 
REQUEST		GET_USER_LIST	1709033066199	1709033066320	OK	 
REQUEST		GET_USER_LIST	1709033066148	1709033066332	OK	 
REQUEST		GET_USER_LIST	1709033066211	1709033066346	OK	 
REQUEST		GET_USER_LIST	1709033065234	1709033066351	OK	 
REQUEST		GET_USER_LIST	1709033066183	1709033066356	OK	 
REQUEST		GET_USER_LIST	1709033066187	1709033066356	OK	 
REQUEST		GET_USER_LIST	1709033066259	1709033066373	OK	 
REQUEST		GET_USER_LIST	1709033066192	1709033066379	OK	 
REQUEST		GET_USER_LIST	1709033066183	1709033066385	OK	 
REQUEST		GET_USER_LIST	1709033066261	1709033066390	OK	 
REQUEST		GET_USER_LIST	1709033066339	1709033066473	OK	 
REQUEST		GET_USER_LIST	1709033065307	1709033066489	OK	 
REQUEST		GET_USER_LIST	1709033066377	1709033066507	OK	 
REQUEST		GET_USER_LIST	1709033066404	1709033066519	OK	 
REQUEST		GET_USER_LIST	1709033066339	1709033066525	OK	 
REQUEST		GET_USER_LIST	1709033066458	1709033066566	OK	 
USER	Get_User_List	END	1709033066600
USER	Get_User_List	START	1709033066600
REQUEST		GET_USER_LIST	1709033066434	1709033066604	OK	 
REQUEST		GET_USER_LIST	1709033066490	1709033066612	OK	 
USER	Get_User_List	END	1709033066627
USER	Get_User_List	START	1709033066627
REQUEST		GET_USER_LIST	1709033066548	1709033066642	OK	 
REQUEST		GET_USER_LIST	1709033066659	1709033066759	OK	 
REQUEST		GET_USER_LIST	1709033066669	1709033066765	OK	 
REQUEST		GET_USER_LIST	1709033066676	1709033066767	OK	 
REQUEST		GET_USER_LIST	1709033066656	1709033066826	OK	 
REQUEST		GET_USER_LIST	1709033066656	1709033066843	OK	 
REQUEST		GET_USER_LIST	1709033066841	1709033066967	OK	 
REQUEST		GET_USER_LIST	1709033066860	1709033066984	OK	 
REQUEST		GET_USER_LIST	1709033062863	1709033067004	OK	 
REQUEST		GET_USER_LIST	1709033066919	1709033067061	OK	 
REQUEST		GET_USER_LIST	1709033066950	1709033067093	OK	 
REQUEST		GET_USER_LIST	1709033066989	1709033067105	OK	 
REQUEST		GET_USER_LIST	1709033065958	1709033067120	OK	 
REQUEST		GET_USER_LIST	1709033066992	1709033067126	OK	 
REQUEST		GET_USER_LIST	1709033066024	1709033067140	OK	 
REQUEST		GET_USER_LIST	1709033065985	1709033067140	OK	 
REQUEST		GET_USER_LIST	1709033066986	1709033067151	OK	 
USER	Get_User_List	END	1709033067233
USER	Get_User_List	START	1709033067234
USER	Get_User_List	END	1709033067238
USER	Get_User_List	START	1709033067238
USER	Get_User_List	END	1709033067274
USER	Get_User_List	START	1709033067274
REQUEST		GET_USER_LIST	1709033067179	1709033067293	OK	 
USER	Get_User_List	END	1709033067308
USER	Get_User_List	START	1709033067308
USER	Get_User_List	END	1709033067310
USER	Get_User_List	START	1709033067311
USER	Get_User_List	END	1709033067311
USER	Get_User_List	START	1709033067311
USER	Get_User_List	END	1709033067311
USER	Get_User_List	START	1709033067311
USER	Get_User_List	END	1709033067321
USER	Get_User_List	END	1709033067321
USER	Get_User_List	START	1709033067321
USER	Get_User_List	START	1709033067321
USER	Get_User_List	END	1709033067323
USER	Get_User_List	START	1709033067324
USER	Get_User_List	END	1709033067325
USER	Get_User_List	START	1709033067326
USER	Get_User_List	END	1709033067328
USER	Get_User_List	START	1709033067328
USER	Get_User_List	END	1709033067330
USER	Get_User_List	START	1709033067330
USER	Get_User_List	END	1709033067339
USER	Get_User_List	START	1709033067339
USER	Get_User_List	END	1709033067343
USER	Get_User_List	START	1709033067343
USER	Get_User_List	END	1709033067346
USER	Get_User_List	START	1709033067347
USER	Get_User_List	END	1709033067347
USER	Get_User_List	START	1709033067347
USER	Get_User_List	END	1709033067348
USER	Get_User_List	START	1709033067349
USER	Get_User_List	END	1709033067362
USER	Get_User_List	START	1709033067362
USER	Get_User_List	END	1709033067371
USER	Get_User_List	START	1709033067371
USER	Get_User_List	END	1709033067378
USER	Get_User_List	START	1709033067379
REQUEST		GET_USER_LIST	1709033066259	1709033067382	OK	 
USER	Get_User_List	END	1709033067391
USER	Get_User_List	END	1709033067391
USER	Get_User_List	START	1709033067391
USER	Get_User_List	START	1709033067391
USER	Get_User_List	END	1709033067392
USER	Get_User_List	START	1709033067392
USER	Get_User_List	END	1709033067446
REQUEST		GET_USER_LIST	1709033066339	1709033067445	OK	 
USER	Get_User_List	END	1709033067460
USER	Get_User_List	END	1709033067460
USER	Get_User_List	END	1709033067468
USER	Get_User_List	END	1709033067475
REQUEST		GET_USER_LIST	1709033066460	1709033067572	OK	 
USER	Get_User_List	END	1709033067654
REQUEST		GET_USER_LIST	1709033067601	1709033067733	OK	 
REQUEST		GET_USER_LIST	1709033067628	1709033067746	OK	 
USER	Get_User_List	END	1709033067783
USER	Get_User_List	END	1709033067783
USER	Get_User_List	END	1709033067868
USER	Get_User_List	END	1709033067887
USER	Get_User_List	END	1709033067894
USER	Get_User_List	END	1709033067943
USER	Get_User_List	END	1709033067992
USER	Get_User_List	END	1709033067993
USER	Get_User_List	END	1709033067993
USER	Get_User_List	END	1709033068004
USER	Get_User_List	END	1709033068036
USER	Get_User_List	END	1709033068066
USER	Get_User_List	END	1709033068077
USER	Get_User_List	END	1709033068082
USER	Get_User_List	END	1709033068106
USER	Get_User_List	END	1709033068122
USER	Get_User_List	END	1709033068124
REQUEST		GET_USER_LIST	1709033067021	1709033068129	OK	 
USER	Get_User_List	END	1709033068156
USER	Get_User_List	END	1709033068156
USER	Get_User_List	END	1709033068163
USER	Get_User_List	END	1709033068214
USER	Get_User_List	END	1709033068221
USER	Get_User_List	END	1709033068256
USER	Get_User_List	END	1709033068256
USER	Get_User_List	END	1709033068313
USER	Get_User_List	END	1709033068323
USER	Get_User_List	END	1709033068323
USER	Get_User_List	END	1709033068336
USER	Get_User_List	END	1709033068349
USER	Get_User_List	END	1709033068355
USER	Get_User_List	END	1709033068359
USER	Get_User_List	END	1709033068359
REQUEST		GET_USER_LIST	1709033065253	1709033068370	OK	 
USER	Get_User_List	END	1709033068376
USER	Get_User_List	END	1709033068382
USER	Get_User_List	END	1709033068389
USER	Get_User_List	END	1709033068392
REQUEST		GET_USER_LIST	1709033068255	1709033068397	OK	 
REQUEST		GET_USER_LIST	1709033067238	1709033068415	OK	 
REQUEST		GET_USER_LIST	1709033068244	1709033068415	OK	 
REQUEST		GET_USER_LIST	1709033068323	1709033068434	OK	 
REQUEST		GET_USER_LIST	1709033068312	1709033068442	OK	 
REQUEST		GET_USER_LIST	1709033068332	1709033068457	OK	 
REQUEST		GET_USER_LIST	1709033068345	1709033068458	OK	 
REQUEST		GET_USER_LIST	1709033068325	1709033068459	OK	 
REQUEST		GET_USER_LIST	1709033068349	1709033068460	OK	 
USER	Get_User_List	END	1709033068477
REQUEST		GET_USER_LIST	1709033068312	1709033068477	OK	 
USER	Get_User_List	END	1709033068492
REQUEST		GET_USER_LIST	1709033068327	1709033068492	OK	 
REQUEST		GET_USER_LIST	1709033068373	1709033068502	OK	 
USER	Get_User_List	END	1709033068510
REQUEST		GET_USER_LIST	1709033068392	1709033068518	OK	 
REQUEST		GET_USER_LIST	1709033068364	1709033068521	OK	 
USER	Get_User_List	END	1709033068523
USER	Get_User_List	END	1709033068528
REQUEST		GET_USER_LIST	1709033068349	1709033068528	OK	 
REQUEST		GET_USER_LIST	1709033068392	1709033068552	OK	 
USER	Get_User_List	END	1709033068570
REQUEST		GET_USER_LIST	1709033068394	1709033068580	OK	 
USER	Get_User_List	END	1709033068608
USER	Get_User_List	END	1709033068616
USER	Get_User_List	END	1709033068645
USER	Get_User_List	END	1709033068763
USER	Get_User_List	END	1709033068767
USER	Get_User_List	END	1709033068769
USER	Get_User_List	END	1709033068830
USER	Get_User_List	END	1709033068848
USER	Get_User_List	END	1709033068971
USER	Get_User_List	END	1709033068987
USER	Get_User_List	END	1709033069008
USER	Get_User_List	END	1709033069065
USER	Get_User_List	END	1709033069096
USER	Get_User_List	END	1709033069108
USER	Get_User_List	END	1709033069122
USER	Get_User_List	END	1709033069129
USER	Get_User_List	END	1709033069143
USER	Get_User_List	END	1709033069143
USER	Get_User_List	END	1709033069152
USER	Get_User_List	END	1709033069299
USER	Get_User_List	END	1709033069386
REQUEST		GET_USER_LIST	1709033068276	1709033069413	OK	 
REQUEST		GET_USER_LIST	1709033068310	1709033069416	OK	 
REQUEST		GET_USER_LIST	1709033068313	1709033069419	OK	 
REQUEST		GET_USER_LIST	1709033068329	1709033069426	OK	 
USER	Get_User_List	END	1709033069449
REQUEST		GET_USER_LIST	1709033068340	1709033069469	OK	 
REQUEST		GET_USER_LIST	1709033068348	1709033069480	OK	 
REQUEST		GET_USER_LIST	1709033068322	1709033069490	OK	 
REQUEST		GET_USER_LIST	1709033068380	1709033069506	OK	 
USER	Get_User_List	END	1709033069575
USER	Get_User_List	END	1709033069736
USER	Get_User_List	END	1709033069752
USER	Get_User_List	END	1709033070133
USER	Get_User_List	END	1709033070373
USER	Get_User_List	END	1709033070401
USER	Get_User_List	END	1709033070419
USER	Get_User_List	END	1709033070423
USER	Get_User_List	END	1709033070440
USER	Get_User_List	END	1709033070447
USER	Get_User_List	END	1709033070463
USER	Get_User_List	END	1709033070464
USER	Get_User_List	END	1709033070465
USER	Get_User_List	END	1709033070465
USER	Get_User_List	END	1709033070481
USER	Get_User_List	END	1709033070496
USER	Get_User_List	END	1709033070508
USER	Get_User_List	END	1709033070523
USER	Get_User_List	END	1709033070523
USER	Get_User_List	END	1709033070533
USER	Get_User_List	END	1709033070555
USER	Get_User_List	END	1709033070584
USER	Get_User_List	END	1709033071419
USER	Get_User_List	END	1709033071423
USER	Get_User_List	END	1709033071425
USER	Get_User_List	END	1709033071429
USER	Get_User_List	END	1709033071477
USER	Get_User_List	END	1709033071484
USER	Get_User_List	END	1709033071493
USER	Get_User_List	END	1709033071509
